<?xml version="1.0" encoding="UTF-8"?>
<Site BuildName="185_f-54sf_ghs-dgh (out_space)"
	BuildStamp="20190320-1706-Experimental_test"
	Name="debian-unstable-gcc.42"
	Generator="ctest-3.13.4"
	CompilerName=""
	CompilerVersion=""
	OSName="Linux"
	Hostname="0e82a8db0490"
	OSRelease="4.13.0-43-generic"
	OSVersion="#48~16.04.1-Ubuntu SMP Thu May 17 12:56:46 UTC 2018"
	OSPlatform="x86_64"
	Is64Bits="1"
	VendorString="GenuineIntel"
	VendorID="Intel Corporation"
	FamilyID="6"
	ModelID="78"
	ProcessorCacheSize="3072"
	NumberOfLogicalCPU="4"
	NumberOfPhysicalCPU="2"
	TotalVirtualMemory="5720"
	TotalPhysicalMemory="7858"
	LogicalProcessorsPerPhysical="2"
	ProcessorClockFrequency="1626.81"
	>
	<Configure>
		<StartDateTime>Mar 20 17:06 UTC</StartDateTime>
		<StartConfigureTime>1553101581</StartConfigureTime>
		<ConfigureCommand>--</ConfigureCommand>
		<Log>--</Log>
		<ConfigureStatus>0</ConfigureStatus>
		<EndDateTime>Mar 20 17:06 UTC</EndDateTime>
		<EndConfigureTime>1553101601</EndConfigureTime>
		<ElapsedMinutes>0</ElapsedMinutes>
	</Configure>
</Site>
